<?xml version="1.0" encoding="UTF-8"?>
<!-- Generated by org.testng.reporters.JUnitReportReporter -->
<testsuite hostname="Shravan" failures="0" tests="4" name="api.test.UserTests2" time="5.831" errors="0" timestamp="2024-01-12T16:14:32 CST" skipped="0">
  <testcase classname="api.test.UserTests2" name="testPostUser" time="4.219"/>
  <system-out/>
  <testcase classname="api.test.UserTests2" name="testGetUserbyName" time="0.484"/>
  <system-out/>
  <testcase classname="api.test.UserTests2" name="testUpdateUserByName" time="0.840"/>
  <system-out/>
  <testcase classname="api.test.UserTests2" name="testDeleteUserByName" time="0.288"/>
  <system-out/>
</testsuite> <!-- api.test.UserTests2 -->
