<?xml version="1.0" encoding="UTF-8"?>
<!-- Generated by org.testng.reporters.JUnitReportReporter -->
<testsuite hostname="Shravan" failures="0" tests="9" name="api.test.DDTests" time="73.172" errors="0" timestamp="2024-01-02T14:48:51 CST" skipped="0">
  <testcase classname="api.test.DDTests" name="testPostuser" time="21.364"/>
  <system-out/>
  <testcase classname="api.test.DDTests" name="testPostuser" time="10.024"/>
  <system-out/>
  <testcase classname="api.test.DDTests" name="testPostuser" time="28.348"/>
  <system-out/>
  <testcase classname="api.test.DDTests" name="testGetUserByName" time="1.260"/>
  <system-out/>
  <testcase classname="api.test.DDTests" name="testGetUserByName" time="3.386"/>
  <system-out/>
  <testcase classname="api.test.DDTests" name="testGetUserByName" time="7.781"/>
  <system-out/>
  <testcase classname="api.test.DDTests" name="testDeleteUserByName" time="0.386"/>
  <system-out/>
  <testcase classname="api.test.DDTests" name="testDeleteUserByName" time="0.364"/>
  <system-out/>
  <testcase classname="api.test.DDTests" name="testDeleteUserByName" time="0.259"/>
  <system-out/>
</testsuite> <!-- api.test.DDTests -->
