<?xml version="1.0" encoding="UTF-8"?>
<!-- Generated by org.testng.reporters.JUnitReportReporter -->
<testsuite hostname="Shravan" failures="0" tests="4" name="api.test.UserTests" time="18.682" errors="0" timestamp="2024-01-08T16:56:35 CST" skipped="0">
  <testcase classname="api.test.UserTests" name="testPostUser" time="17.317"/>
  <system-out/>
  <testcase classname="api.test.UserTests" name="testGetUserbyName" time="0.342"/>
  <system-out/>
  <testcase classname="api.test.UserTests" name="testUpdateUserByName" time="0.622"/>
  <system-out/>
  <testcase classname="api.test.UserTests" name="testDeleteUserByName" time="0.401"/>
  <system-out/>
</testsuite> <!-- api.test.UserTests -->
